13:42:23.018 [AWT-EventQueue-0] INFO  csomag.Jatekos - 
8 s 0 s 0 s 0 s 0
7 0 s 0 s 0 s 0 s
6 s 0 s 0 s 0 s 0
5 0 0 0 0 0 0 0 0
4 0 0 0 0 v 0 0 0
3 0 v 0 0 0 v 0 v
2 v 0 v 0 v 0 v 0
1 0 v 0 v 0 v 0 v
  a b c d e f g h
13:42:23.021 [AWT-EventQueue-0] INFO  csomag.Jatekos - Sötét következik
13:42:24.765 [AWT-EventQueue-0] INFO  csomag.Jatekos - 
8 s 0 s 0 s 0 s 0
7 0 s 0 s 0 s 0 s
6 s 0 0 0 s 0 s 0
5 0 0 0 s 0 0 0 0
4 0 0 0 0 v 0 0 0
3 0 v 0 0 0 v 0 v
2 v 0 v 0 v 0 v 0
1 0 v 0 v 0 v 0 v
  a b c d e f g h
13:42:24.765 [AWT-EventQueue-0] INFO  csomag.Jatekos - Világos következik
13:42:27.507 [AWT-EventQueue-0] INFO  csomag.Jatekos - 
8 s 0 s 0 s 0 s 0
7 0 s 0 s 0 s 0 s
6 s 0 v 0 s 0 s 0
5 0 0 0 0 0 0 0 0
4 0 0 0 0 0 0 0 0
3 0 v 0 0 0 v 0 v
2 v 0 v 0 v 0 v 0
1 0 v 0 v 0 v 0 v
  a b c d e f g h
13:42:27.507 [AWT-EventQueue-0] INFO  csomag.Jatekos - Sötét következik
